13/09/2024 20:41:36: Запрос на транзакцию.  Проверяем данные. TransactionRequest{operationId=0, cardFromNumber=1111111111111111, cardToNumber=2222222222222222, cardFromCVV='111', cardFromValidTill='09/26', amount=333.00', currency='RUR', status='0 (Пояснение: 1 - всё ок, 2 - неверные данные, 3 - ошибка подтверждения)'}
13/09/2024 20:41:36:  Данные корректны.  Ждём подтверждения операции. TransactionRequest{operationId=0, cardFromNumber=1111111111111111, cardToNumber=2222222222222222, cardFromCVV='111', cardFromValidTill='09/26', amount=333.00', currency='RUR', status='1 (Пояснение: 1 - всё ок, 2 - неверные данные, 3 - ошибка подтверждения)'}
13/09/2024 20:41:36:  Операция подтверждена.  Деньги переведены. ConfirmRequest(operationId=0, code=0000)
13/09/2024 20:42:25: Запрос на транзакцию.  Проверяем данные. TransactionRequest{operationId=0, cardFromNumber=5555555555555555, cardToNumber=5555555555555555, cardFromCVV='111', cardFromValidTill='09/26', amount=333.00', currency='RUR', status='0 (Пояснение: 1 - всё ок, 2 - неверные данные, 3 - ошибка подтверждения)'}
13/09/2024 20:42:25:  Отмена операции.  Ошибка при введении данных. TransactionRequest{operationId=0, cardFromNumber=5555555555555555, cardToNumber=5555555555555555, cardFromCVV='111', cardFromValidTill='09/26', amount=333.00', currency='RUR', status='2 (Пояснение: 1 - всё ок, 2 - неверные данные, 3 - ошибка подтверждения)'}
13/09/2024 20:43:02: Запрос на транзакцию.  Проверяем данные. TransactionRequest{operationId=0, cardFromNumber=5555555555555555, cardToNumber=5555444444444444, cardFromCVV='111', cardFromValidTill='09/26', amount=333.00', currency='RUR', status='0 (Пояснение: 1 - всё ок, 2 - неверные данные, 3 - ошибка подтверждения)'}
13/09/2024 20:43:02:  Данные корректны.  Ждём подтверждения операции. TransactionRequest{operationId=0, cardFromNumber=5555555555555555, cardToNumber=5555444444444444, cardFromCVV='111', cardFromValidTill='09/26', amount=333.00', currency='RUR', status='1 (Пояснение: 1 - всё ок, 2 - неверные данные, 3 - ошибка подтверждения)'}
13/09/2024 20:43:02:  Операция подтверждена.  Деньги переведены. ConfirmRequest(operationId=0, code=0000)
13/09/2024 20:43:41: Внутренняя ошибка сервера
13/09/2024 20:43:46: Запрос на транзакцию.  Проверяем данные. TransactionRequest{operationId=0, cardFromNumber=3333333333333333, cardToNumber=4444444444444444, cardFromCVV='333', cardFromValidTill='09/26', amount=555.00', currency='RUR', status='0 (Пояснение: 1 - всё ок, 2 - неверные данные, 3 - ошибка подтверждения)'}
13/09/2024 20:43:46:  Данные корректны.  Ждём подтверждения операции. TransactionRequest{operationId=0, cardFromNumber=3333333333333333, cardToNumber=4444444444444444, cardFromCVV='333', cardFromValidTill='09/26', amount=555.00', currency='RUR', status='1 (Пояснение: 1 - всё ок, 2 - неверные данные, 3 - ошибка подтверждения)'}
13/09/2024 20:43:46:  Операция подтверждена.  Деньги переведены. ConfirmRequest(operationId=0, code=0000)
13/09/2024 20:49:01: Запрос на транзакцию.  Проверяем данные. TransactionRequest{operationId=0, cardFromNumber=2222222222222222, cardToNumber=3333333333333333, cardFromCVV='222', cardFromValidTill='09/26', amount=444.00', currency='RUR', status='0 (Пояснение: 1 - всё ок, 2 - неверные данные, 3 - ошибка подтверждения)'}
13/09/2024 20:49:01:  Данные корректны.  Ждём подтверждения операции. TransactionRequest{operationId=0, cardFromNumber=2222222222222222, cardToNumber=3333333333333333, cardFromCVV='222', cardFromValidTill='09/26', amount=444.00', currency='RUR', status='1 (Пояснение: 1 - всё ок, 2 - неверные данные, 3 - ошибка подтверждения)'}
13/09/2024 20:49:01:  Отмена операции, status = 3 (Пояснение: 1 - всё ок, 2 - неверные данные, 3 - ошибка подтверждения)  Ошибка подтверждения операции. ConfirmRequest(operationId=0, code=1111)
13/09/2024 20:50:17: Запрос на транзакцию.  Проверяем данные. TransactionRequest{operationId=0, cardFromNumber=2222222222222222, cardToNumber=3333333333333333, cardFromCVV='222', cardFromValidTill='09/26', amount=444.00', currency='RUR', status='0 (Пояснение: 1 - всё ок, 2 - неверные данные, 3 - ошибка подтверждения)'}
13/09/2024 20:50:17:  Данные корректны.  Ждём подтверждения операции. TransactionRequest{operationId=0, cardFromNumber=2222222222222222, cardToNumber=3333333333333333, cardFromCVV='222', cardFromValidTill='09/26', amount=444.00', currency='RUR', status='1 (Пояснение: 1 - всё ок, 2 - неверные данные, 3 - ошибка подтверждения)'}
13/09/2024 20:50:17:  Операция подтверждена.  Деньги переведены. ConfirmRequest(operationId=0, code=0000)
13/09/2024 23:50:31: Запрос на транзакцию.  Проверяем данные. TransactionRequest{operationId=0, cardFromNumber=1111111111111111, cardToNumber=2222222222222222, cardFromCVV='111', cardFromValidTill='09/26', amount=2233.00', currency='RUR', status='0 (Пояснение: 1 - всё ок, 2 - неверные данные, 3 - ошибка подтверждения)'}
13/09/2024 23:50:31:  Данные корректны.  Ждём подтверждения операции. TransactionRequest{operationId=0, cardFromNumber=1111111111111111, cardToNumber=2222222222222222, cardFromCVV='111', cardFromValidTill='09/26', amount=2233.00', currency='RUR', status='1 (Пояснение: 1 - всё ок, 2 - неверные данные, 3 - ошибка подтверждения)'}
13/09/2024 23:50:31:  Операция подтверждена.  Деньги переведены. ConfirmRequest(operationId=0, code=0000)
